INFO  2025-08-29 10:17:42,418 serena.cli:health_check:550 - Starting health check for project: /Users/kdegeek/Library/Mobile Documents/com~apple~CloudDocs/Cursor/troddit
INFO  2025-08-29 10:17:42,418 serena.cli:health_check:554 - Creating SerenaAgent with disabled dashboard...
INFO  2025-08-29 10:17:42,483 serena.agent:__init__:198 - Starting Serena server (version=0.1.4-124d544c-dirty, process id=8652, parent process id=8649)
INFO  2025-08-29 10:17:42,483 serena.agent:__init__:199 - Configuration file: None
INFO  2025-08-29 10:17:42,483 serena.agent:__init__:200 - Available projects: 
INFO  2025-08-29 10:17:42,483 serena.agent:__init__:201 - Loaded tools (36): read_file, create_text_file, list_dir, find_file, replace_regex, delete_lines, replace_lines, insert_at_line, search_for_pattern, restart_language_server, get_symbols_overview, find_symbol, find_referencing_symbols, replace_symbol_body, insert_after_symbol, insert_before_symbol, write_memory, read_memory, list_memories, delete_memory, execute_shell_command, activate_project, remove_project, switch_modes, get_current_config, check_onboarding_performed, onboarding, think_about_collected_information, think_about_task_adherence, think_about_whether_you_are_done, summarize_changes, prepare_for_new_conversation, initial_instructions, jet_brains_find_symbol, jet_brains_find_referencing_symbols, jet_brains_get_symbols_overview
INFO  2025-08-29 10:17:42,484 serena.config.serena_config:apply:106 - SerenaAgentContext[name='desktop-app'] included 1 tools: switch_modes
INFO  2025-08-29 10:17:42,486 serena.agent:__init__:215 - Number of exposed tools: 25
INFO  2025-08-29 10:17:42,497 serena.agent:_update_active_tools:397 - Active tools (25): activate_project, check_onboarding_performed, create_text_file, delete_memory, execute_shell_command, find_file, find_referencing_symbols, find_symbol, get_symbols_overview, insert_after_symbol, insert_before_symbol, list_dir, list_memories, onboarding, prepare_for_new_conversation, read_file, read_memory, replace_regex, replace_symbol_body, search_for_pattern, switch_modes, think_about_collected_information, think_about_task_adherence, think_about_whether_you_are_done, write_memory
INFO  2025-08-29 10:17:42,499 serena.util.file_system:start:329 - Loading of .gitignore files starting ...
INFO  2025-08-29 10:17:42,499 serena.util.file_system:_load_gitignore_files:143 - Processing .gitignore file: /Users/kdegeek/Library/Mobile Documents/com~apple~CloudDocs/Cursor/troddit/.gitignore
INFO  2025-08-29 10:17:42,501 serena.util.file_system:stop:336 - Loading of .gitignore files completed in 0.003 seconds
INFO  2025-08-29 10:17:42,502 serena.agent:load_project_from_path_or_name:472 - Added new project troddit for path /Users/kdegeek/Library/Mobile Documents/com~apple~CloudDocs/Cursor/troddit
INFO  2025-08-29 10:17:42,502 serena.agent:_activate_project:437 - Activating troddit at /Users/kdegeek/Library/Mobile Documents/com~apple~CloudDocs/Cursor/troddit
INFO  2025-08-29 10:17:42,502 serena.agent:_update_active_tools:397 - Active tools (25): activate_project, check_onboarding_performed, create_text_file, delete_memory, execute_shell_command, find_file, find_referencing_symbols, find_symbol, get_symbols_overview, insert_after_symbol, insert_before_symbol, list_dir, list_memories, onboarding, prepare_for_new_conversation, read_file, read_memory, replace_regex, replace_symbol_body, search_for_pattern, switch_modes, think_about_collected_information, think_about_task_adherence, think_about_whether_you_are_done, write_memory
INFO  2025-08-29 10:17:42,502 serena.agent:issue_task:416 - Scheduling Task-1[init_language_server]
INFO  2025-08-29 10:17:42,503 serena.agent:start:329 - Task-1[init_language_server] starting ...
INFO  2025-08-29 10:17:42,503 serena.cli:health_check:557 - SerenaAgent created successfully
INFO  2025-08-29 10:17:42,503 serena.agent:start:329 - Language server initialization starting ...
INFO  2025-08-29 10:17:42,503 serena.cli:health_check:560 - Searching for analyzable files...
INFO  2025-08-29 10:17:42,503 serena.project:create_language_server:288 - Creating language server instance for /Users/kdegeek/Library/Mobile Documents/com~apple~CloudDocs/Cursor/troddit.
INFO  2025-08-29 10:17:42,548 serena.cli:health_check:569 - Found analyzable file: tailwind.config.js
INFO  2025-08-29 10:17:42,548 serena.cli:health_check:587 - Testing GetSymbolsOverviewTool on file: tailwind.config.js
INFO  2025-08-29 10:17:42,548 serena.agent:issue_task:416 - Scheduling Task-2[<lambda>]
INFO  2025-08-29 10:17:42,595 solidlsp:_setup_runtime_dependencies:125 - Typescript Language Server executable not found at /Users/kdegeek/.serena/language_servers/static/TypeScriptLanguageServer/ts-lsp/node_modules/.bin/typescript-language-server. Installing...
INFO  2025-08-29 10:17:42,596 solidlsp:start:329 - Installation of TypeScript language server dependencies starting ...
INFO  2025-08-29 10:17:42,608 solidlsp.language_servers.common:_run_command:89 - Running command 'npm install --prefix ./ typescript@5.5.4' in '/Users/kdegeek/.serena/language_servers/static/TypeScriptLanguageServer/ts-lsp'
INFO  2025-08-29 10:17:44,096 solidlsp.language_servers.common:_run_command:104 - Command completed successfully
INFO  2025-08-29 10:17:44,102 solidlsp.language_servers.common:_run_command:89 - Running command 'npm install --prefix ./ typescript-language-server@4.3.3' in '/Users/kdegeek/.serena/language_servers/static/TypeScriptLanguageServer/ts-lsp'
INFO  2025-08-29 10:17:44,771 solidlsp.language_servers.common:_run_command:104 - Command completed successfully
INFO  2025-08-29 10:17:44,771 solidlsp:stop:336 - Installation of TypeScript language server dependencies completed in 2.176 seconds
INFO  2025-08-29 10:17:44,773 solidlsp:load_cache:1658 - Loading document symbols cache from /Users/kdegeek/Library/Mobile Documents/com~apple~CloudDocs/Cursor/troddit/.serena/cache/typescript/document_symbols_cache_v23-06-25.pkl
INFO  2025-08-29 10:17:44,832 solidlsp:load_cache:1662 - Loaded 299 document symbols from cache.
INFO  2025-08-29 10:17:44,834 serena.agent:reset_language_server:589 - Starting the language server for troddit
INFO  2025-08-29 10:17:44,835 solidlsp:start:1704 - Starting language server with language typescript for /Users/kdegeek/Library/Mobile Documents/com~apple~CloudDocs/Cursor/troddit
INFO  2025-08-29 10:17:44,835 solidlsp:_start_server:224 - Starting TypeScript server process
INFO  2025-08-29 10:17:44,835 solidlsp.ls_handler:start:189 - Starting language server process via command: ['/Users/kdegeek/.serena/language_servers/static/TypeScriptLanguageServer/ts-lsp/node_modules/.bin/typescript-language-server', '--stdio']
INFO  2025-08-29 10:17:44,838 solidlsp:_start_server:228 - Sending initialize request from LSP client to LSP server and awaiting response
INFO  2025-08-29 10:17:45,342 solidlsp:window_log_message:207 - LSP: window/logMessage: {"type": 3, "message": "Using Typescript version (workspace) 5.9.2 from path "/Users/kdegeek/Library/Mobile Documents/com~apple~CloudDocs/Cursor/troddit/node_modules/typescript/lib/tsserver.js""}
INFO  2025-08-29 10:17:46,348 solidlsp:_start_server:246 - Timeout waiting for TypeScript server to become ready, proceeding anyway
INFO  2025-08-29 10:17:46,348 serena.agent:stop:336 - Language server initialization completed in 3.846 seconds
INFO  2025-08-29 10:17:46,349 serena.agent:stop:336 - Task-1[init_language_server] completed in 3.846 seconds
INFO  2025-08-29 10:17:46,349 serena.agent:start:329 - Task-2[<lambda>] starting ...
INFO  2025-08-29 10:17:46,353 serena.agent:stop:336 - Task-2[<lambda>] completed in 0.004 seconds
INFO  2025-08-29 10:17:46,353 serena.cli:health_check:590 - GetSymbolsOverviewTool returned 6 symbols
INFO  2025-08-29 10:17:46,355 serena.cli:health_check:611 - No class or function found, using first available symbol
INFO  2025-08-29 10:17:46,355 serena.cli:health_check:615 - Using symbol for testing: colors (kind: 14)
INFO  2025-08-29 10:17:46,355 serena.cli:health_check:618 - Testing FindSymbolTool for symbol: colors
INFO  2025-08-29 10:17:46,355 serena.agent:issue_task:416 - Scheduling Task-3[<lambda>]
INFO  2025-08-29 10:17:46,355 serena.agent:start:329 - Task-3[<lambda>] starting ...
INFO  2025-08-29 10:17:46,356 serena.agent:stop:336 - Task-3[<lambda>] completed in 0.001 seconds
INFO  2025-08-29 10:17:46,356 serena.cli:health_check:623 - FindSymbolTool found 2 matches for symbol colors
INFO  2025-08-29 10:17:46,356 serena.cli:health_check:626 - Testing FindReferencingSymbolsTool for symbol: colors
INFO  2025-08-29 10:17:46,356 serena.agent:issue_task:416 - Scheduling Task-4[<lambda>]
INFO  2025-08-29 10:17:46,356 serena.agent:start:329 - Task-4[<lambda>] starting ...
ERROR 2025-08-29 10:17:46,359 serena.symbol:find_referencing_symbols:526 - Found 2 symbols with name colors in file tailwind.config.js.May be an overwritten variable, in which case you can ignore this error. Proceeding with the first one. Found symbols for name_path='colors' in relative_file_path='tailwind.config.js': 
[
  {
    "relative_path": "tailwind.config.js",
    "line": 0,
    "column": 6
  },
  {
    "relative_path": "tailwind.config.js",
    "line": 9,
    "column": 6
  }
]
WARNING 2025-08-29 10:17:47,392 solidlsp:request_referencing_symbols:1382 - Could not find containing symbol for tailwind.config.js:58:18. Returning file symbol instead
WARNING 2025-08-29 10:17:47,395 solidlsp:request_referencing_symbols:1382 - Could not find containing symbol for tailwind.config.js:59:14. Returning file symbol instead
WARNING 2025-08-29 10:17:47,397 solidlsp:request_referencing_symbols:1382 - Could not find containing symbol for tailwind.config.js:60:18. Returning file symbol instead
INFO  2025-08-29 10:17:47,398 serena.agent:stop:336 - Task-4[<lambda>] completed in 1.041 seconds
INFO  2025-08-29 10:17:47,398 serena.cli:health_check:630 - FindReferencingSymbolsTool found 3 references for symbol colors
INFO  2025-08-29 10:17:47,398 serena.cli:health_check:636 - Testing SearchForPatternTool for pattern: colors
INFO  2025-08-29 10:17:47,398 serena.agent:issue_task:416 - Scheduling Task-5[<lambda>]
INFO  2025-08-29 10:17:47,398 serena.agent:start:329 - Task-5[<lambda>] starting ...
INFO  2025-08-29 10:17:47,407 serena.text_utils:search_files:326 - Processing 171 files.
INFO  2025-08-29 10:17:47,436 serena.text_utils:search_files:367 - Found 16 total matches across 171 files
INFO  2025-08-29 10:17:47,436 serena.agent:stop:336 - Task-5[<lambda>] completed in 0.038 seconds
INFO  2025-08-29 10:17:47,436 serena.cli:health_check:643 - SearchForPatternTool found 16 pattern matches for colors
INFO  2025-08-29 10:17:47,436 serena.cli:health_check:657 - Health check completed successfully
